Building DAG of jobs...
Using shell: /usr/bin/bash
Provided cores: 20
Rules claiming more threads will be scaled down.
Job counts:
	count	jobs
	1	all
	4	combine_coverage
	1	coverage
	6

[Fri Sep 20 07:35:28 2019]
rule coverage:
    input: bamcsv/UPN292-1000-direct_21.csv
    output: covcsv/UPN292-1000-direct/UPN292-1000-direct_21_Mol_5.csv, covcsv/UPN292-1000-direct/UPN292-1000-direct_21_Mol_3.csv, covcsv/UPN292-1000-direct/UPN292-1000-direct_21_UMI_5.csv, covcsv/UPN292-1000-direct/UPN292-1000-direct_21_UMI_3.csv
    jobid: 25
    wildcards: sample=UPN292-1000-direct, chrom=21
    threads: 20

[Fri Sep 20 07:35:53 2019]
Finished job 25.
1 of 6 steps (17%) done

[Fri Sep 20 07:35:53 2019]
rule combine_coverage:
    input: covcsv/UPN292-1000-direct/UPN292-1000-direct_1_UMI_5.csv, covcsv/UPN292-1000-direct/UPN292-1000-direct_2_UMI_5.csv, covcsv/UPN292-1000-direct/UPN292-1000-direct_3_UMI_5.csv, covcsv/UPN292-1000-direct/UPN292-1000-direct_4_UMI_5.csv, covcsv/UPN292-1000-direct/UPN292-1000-direct_5_UMI_5.csv, covcsv/UPN292-1000-direct/UPN292-1000-direct_6_UMI_5.csv, covcsv/UPN292-1000-direct/UPN292-1000-direct_7_UMI_5.csv, covcsv/UPN292-1000-direct/UPN292-1000-direct_8_UMI_5.csv, covcsv/UPN292-1000-direct/UPN292-1000-direct_9_UMI_5.csv, covcsv/UPN292-1000-direct/UPN292-1000-direct_10_UMI_5.csv, covcsv/UPN292-1000-direct/UPN292-1000-direct_11_UMI_5.csv, covcsv/UPN292-1000-direct/UPN292-1000-direct_12_UMI_5.csv, covcsv/UPN292-1000-direct/UPN292-1000-direct_13_UMI_5.csv, covcsv/UPN292-1000-direct/UPN292-1000-direct_14_UMI_5.csv, covcsv/UPN292-1000-direct/UPN292-1000-direct_15_UMI_5.csv, covcsv/UPN292-1000-direct/UPN292-1000-direct_16_UMI_5.csv, covcsv/UPN292-1000-direct/UPN292-1000-direct_17_UMI_5.csv, covcsv/UPN292-1000-direct/UPN292-1000-direct_18_UMI_5.csv, covcsv/UPN292-1000-direct/UPN292-1000-direct_19_UMI_5.csv, covcsv/UPN292-1000-direct/UPN292-1000-direct_20_UMI_5.csv, covcsv/UPN292-1000-direct/UPN292-1000-direct_21_UMI_5.csv, covcsv/UPN292-1000-direct/UPN292-1000-direct_22_UMI_5.csv
    output: covcsv/UPN292-1000-direct_UMI_5.csv
    jobid: 3
    wildcards: sample=UPN292-1000-direct, cov_level=UMI, orient=5
    threads: 4

[Fri Sep 20 07:35:53 2019]
rule combine_coverage:
    input: covcsv/UPN292-1000-direct/UPN292-1000-direct_1_Mol_3.csv, covcsv/UPN292-1000-direct/UPN292-1000-direct_2_Mol_3.csv, covcsv/UPN292-1000-direct/UPN292-1000-direct_3_Mol_3.csv, covcsv/UPN292-1000-direct/UPN292-1000-direct_4_Mol_3.csv, covcsv/UPN292-1000-direct/UPN292-1000-direct_5_Mol_3.csv, covcsv/UPN292-1000-direct/UPN292-1000-direct_6_Mol_3.csv, covcsv/UPN292-1000-direct/UPN292-1000-direct_7_Mol_3.csv, covcsv/UPN292-1000-direct/UPN292-1000-direct_8_Mol_3.csv, covcsv/UPN292-1000-direct/UPN292-1000-direct_9_Mol_3.csv, covcsv/UPN292-1000-direct/UPN292-1000-direct_10_Mol_3.csv, covcsv/UPN292-1000-direct/UPN292-1000-direct_11_Mol_3.csv, covcsv/UPN292-1000-direct/UPN292-1000-direct_12_Mol_3.csv, covcsv/UPN292-1000-direct/UPN292-1000-direct_13_Mol_3.csv, covcsv/UPN292-1000-direct/UPN292-1000-direct_14_Mol_3.csv, covcsv/UPN292-1000-direct/UPN292-1000-direct_15_Mol_3.csv, covcsv/UPN292-1000-direct/UPN292-1000-direct_16_Mol_3.csv, covcsv/UPN292-1000-direct/UPN292-1000-direct_17_Mol_3.csv, covcsv/UPN292-1000-direct/UPN292-1000-direct_18_Mol_3.csv, covcsv/UPN292-1000-direct/UPN292-1000-direct_19_Mol_3.csv, covcsv/UPN292-1000-direct/UPN292-1000-direct_20_Mol_3.csv, covcsv/UPN292-1000-direct/UPN292-1000-direct_21_Mol_3.csv, covcsv/UPN292-1000-direct/UPN292-1000-direct_22_Mol_3.csv
    output: covcsv/UPN292-1000-direct_Mol_3.csv
    jobid: 2
    wildcards: sample=UPN292-1000-direct, cov_level=Mol, orient=3
    threads: 4

[Fri Sep 20 07:35:53 2019]
rule combine_coverage:
    input: covcsv/UPN292-1000-direct/UPN292-1000-direct_1_UMI_3.csv, covcsv/UPN292-1000-direct/UPN292-1000-direct_2_UMI_3.csv, covcsv/UPN292-1000-direct/UPN292-1000-direct_3_UMI_3.csv, covcsv/UPN292-1000-direct/UPN292-1000-direct_4_UMI_3.csv, covcsv/UPN292-1000-direct/UPN292-1000-direct_5_UMI_3.csv, covcsv/UPN292-1000-direct/UPN292-1000-direct_6_UMI_3.csv, covcsv/UPN292-1000-direct/UPN292-1000-direct_7_UMI_3.csv, covcsv/UPN292-1000-direct/UPN292-1000-direct_8_UMI_3.csv, covcsv/UPN292-1000-direct/UPN292-1000-direct_9_UMI_3.csv, covcsv/UPN292-1000-direct/UPN292-1000-direct_10_UMI_3.csv, covcsv/UPN292-1000-direct/UPN292-1000-direct_11_UMI_3.csv, covcsv/UPN292-1000-direct/UPN292-1000-direct_12_UMI_3.csv, covcsv/UPN292-1000-direct/UPN292-1000-direct_13_UMI_3.csv, covcsv/UPN292-1000-direct/UPN292-1000-direct_14_UMI_3.csv, covcsv/UPN292-1000-direct/UPN292-1000-direct_15_UMI_3.csv, covcsv/UPN292-1000-direct/UPN292-1000-direct_16_UMI_3.csv, covcsv/UPN292-1000-direct/UPN292-1000-direct_17_UMI_3.csv, covcsv/UPN292-1000-direct/UPN292-1000-direct_18_UMI_3.csv, covcsv/UPN292-1000-direct/UPN292-1000-direct_19_UMI_3.csv, covcsv/UPN292-1000-direct/UPN292-1000-direct_20_UMI_3.csv, covcsv/UPN292-1000-direct/UPN292-1000-direct_21_UMI_3.csv, covcsv/UPN292-1000-direct/UPN292-1000-direct_22_UMI_3.csv
    output: covcsv/UPN292-1000-direct_UMI_3.csv
    jobid: 4
    wildcards: sample=UPN292-1000-direct, cov_level=UMI, orient=3
    threads: 4

[Fri Sep 20 07:35:53 2019]
rule combine_coverage:
    input: covcsv/UPN292-1000-direct/UPN292-1000-direct_1_Mol_5.csv, covcsv/UPN292-1000-direct/UPN292-1000-direct_2_Mol_5.csv, covcsv/UPN292-1000-direct/UPN292-1000-direct_3_Mol_5.csv, covcsv/UPN292-1000-direct/UPN292-1000-direct_4_Mol_5.csv, covcsv/UPN292-1000-direct/UPN292-1000-direct_5_Mol_5.csv, covcsv/UPN292-1000-direct/UPN292-1000-direct_6_Mol_5.csv, covcsv/UPN292-1000-direct/UPN292-1000-direct_7_Mol_5.csv, covcsv/UPN292-1000-direct/UPN292-1000-direct_8_Mol_5.csv, covcsv/UPN292-1000-direct/UPN292-1000-direct_9_Mol_5.csv, covcsv/UPN292-1000-direct/UPN292-1000-direct_10_Mol_5.csv, covcsv/UPN292-1000-direct/UPN292-1000-direct_11_Mol_5.csv, covcsv/UPN292-1000-direct/UPN292-1000-direct_12_Mol_5.csv, covcsv/UPN292-1000-direct/UPN292-1000-direct_13_Mol_5.csv, covcsv/UPN292-1000-direct/UPN292-1000-direct_14_Mol_5.csv, covcsv/UPN292-1000-direct/UPN292-1000-direct_15_Mol_5.csv, covcsv/UPN292-1000-direct/UPN292-1000-direct_16_Mol_5.csv, covcsv/UPN292-1000-direct/UPN292-1000-direct_17_Mol_5.csv, covcsv/UPN292-1000-direct/UPN292-1000-direct_18_Mol_5.csv, covcsv/UPN292-1000-direct/UPN292-1000-direct_19_Mol_5.csv, covcsv/UPN292-1000-direct/UPN292-1000-direct_20_Mol_5.csv, covcsv/UPN292-1000-direct/UPN292-1000-direct_21_Mol_5.csv, covcsv/UPN292-1000-direct/UPN292-1000-direct_22_Mol_5.csv
    output: covcsv/UPN292-1000-direct_Mol_5.csv
    jobid: 1
    wildcards: sample=UPN292-1000-direct, cov_level=Mol, orient=5
    threads: 4

[Fri Sep 20 07:37:44 2019]
Finished job 1.
2 of 6 steps (33%) done
[Fri Sep 20 07:37:44 2019]
Finished job 3.
3 of 6 steps (50%) done
[Fri Sep 20 07:42:11 2019]
Finished job 2.
4 of 6 steps (67%) done
[Fri Sep 20 07:42:15 2019]
Finished job 4.
5 of 6 steps (83%) done

[Fri Sep 20 07:42:15 2019]
localrule all:
    input: covcsv/UPN292-1000-direct_Mol_5.csv, covcsv/UPN292-1000-direct_Mol_3.csv, covcsv/UPN292-1000-direct_UMI_5.csv, covcsv/UPN292-1000-direct_UMI_3.csv
    jobid: 0

[Fri Sep 20 07:42:15 2019]
Finished job 0.
6 of 6 steps (100%) done
Complete log: /fast/home/users/szyskam_c/snakes/projects/scMut/.snakemake/log/2019-09-20T073528.034689.snakemake.log
