Building DAG of jobs...
Using shell: /usr/bin/bash
Provided cluster nodes: 128
Job counts:
	count	jobs
	1	all
	20	combine_coverage
	21

[Fri Sep 20 07:58:43 2019]
rule combine_coverage:
    input: covcsv/UPN292-GEX/UPN292-GEX_1_Mol_5.csv, covcsv/UPN292-GEX/UPN292-GEX_2_Mol_5.csv, covcsv/UPN292-GEX/UPN292-GEX_3_Mol_5.csv, covcsv/UPN292-GEX/UPN292-GEX_4_Mol_5.csv, covcsv/UPN292-GEX/UPN292-GEX_5_Mol_5.csv, covcsv/UPN292-GEX/UPN292-GEX_6_Mol_5.csv, covcsv/UPN292-GEX/UPN292-GEX_7_Mol_5.csv, covcsv/UPN292-GEX/UPN292-GEX_8_Mol_5.csv, covcsv/UPN292-GEX/UPN292-GEX_9_Mol_5.csv, covcsv/UPN292-GEX/UPN292-GEX_10_Mol_5.csv, covcsv/UPN292-GEX/UPN292-GEX_11_Mol_5.csv, covcsv/UPN292-GEX/UPN292-GEX_12_Mol_5.csv, covcsv/UPN292-GEX/UPN292-GEX_13_Mol_5.csv, covcsv/UPN292-GEX/UPN292-GEX_14_Mol_5.csv, covcsv/UPN292-GEX/UPN292-GEX_15_Mol_5.csv, covcsv/UPN292-GEX/UPN292-GEX_16_Mol_5.csv, covcsv/UPN292-GEX/UPN292-GEX_17_Mol_5.csv, covcsv/UPN292-GEX/UPN292-GEX_18_Mol_5.csv, covcsv/UPN292-GEX/UPN292-GEX_19_Mol_5.csv, covcsv/UPN292-GEX/UPN292-GEX_20_Mol_5.csv, covcsv/UPN292-GEX/UPN292-GEX_21_Mol_5.csv, covcsv/UPN292-GEX/UPN292-GEX_22_Mol_5.csv
    output: covcsv/UPN292-GEX_Mol_5.csv
    jobid: 21
    reason: Missing output files: covcsv/UPN292-GEX_Mol_5.csv
    wildcards: sample=UPN292-GEX, cov_level=Mol, orient=5
    threads: 4

Submitted DRMAA job 21 with external jobid 6121142.

[Fri Sep 20 07:58:43 2019]
rule combine_coverage:
    input: covcsv/UPN292-AdLig/UPN292-AdLig_1_Mol_5.csv, covcsv/UPN292-AdLig/UPN292-AdLig_2_Mol_5.csv, covcsv/UPN292-AdLig/UPN292-AdLig_3_Mol_5.csv, covcsv/UPN292-AdLig/UPN292-AdLig_4_Mol_5.csv, covcsv/UPN292-AdLig/UPN292-AdLig_5_Mol_5.csv, covcsv/UPN292-AdLig/UPN292-AdLig_6_Mol_5.csv, covcsv/UPN292-AdLig/UPN292-AdLig_7_Mol_5.csv, covcsv/UPN292-AdLig/UPN292-AdLig_8_Mol_5.csv, covcsv/UPN292-AdLig/UPN292-AdLig_9_Mol_5.csv, covcsv/UPN292-AdLig/UPN292-AdLig_10_Mol_5.csv, covcsv/UPN292-AdLig/UPN292-AdLig_11_Mol_5.csv, covcsv/UPN292-AdLig/UPN292-AdLig_12_Mol_5.csv, covcsv/UPN292-AdLig/UPN292-AdLig_13_Mol_5.csv, covcsv/UPN292-AdLig/UPN292-AdLig_14_Mol_5.csv, covcsv/UPN292-AdLig/UPN292-AdLig_15_Mol_5.csv, covcsv/UPN292-AdLig/UPN292-AdLig_16_Mol_5.csv, covcsv/UPN292-AdLig/UPN292-AdLig_17_Mol_5.csv, covcsv/UPN292-AdLig/UPN292-AdLig_18_Mol_5.csv, covcsv/UPN292-AdLig/UPN292-AdLig_19_Mol_5.csv, covcsv/UPN292-AdLig/UPN292-AdLig_20_Mol_5.csv, covcsv/UPN292-AdLig/UPN292-AdLig_21_Mol_5.csv, covcsv/UPN292-AdLig/UPN292-AdLig_22_Mol_5.csv
    output: covcsv/UPN292-AdLig_Mol_5.csv
    jobid: 13
    reason: Missing output files: covcsv/UPN292-AdLig_Mol_5.csv
    wildcards: sample=UPN292-AdLig, cov_level=Mol, orient=5
    threads: 4

Submitted DRMAA job 13 with external jobid 6121143.

[Fri Sep 20 07:58:43 2019]
rule combine_coverage:
    input: covcsv/UPN292-direct/UPN292-direct_1_Mol_5.csv, covcsv/UPN292-direct/UPN292-direct_2_Mol_5.csv, covcsv/UPN292-direct/UPN292-direct_3_Mol_5.csv, covcsv/UPN292-direct/UPN292-direct_4_Mol_5.csv, covcsv/UPN292-direct/UPN292-direct_5_Mol_5.csv, covcsv/UPN292-direct/UPN292-direct_6_Mol_5.csv, covcsv/UPN292-direct/UPN292-direct_7_Mol_5.csv, covcsv/UPN292-direct/UPN292-direct_8_Mol_5.csv, covcsv/UPN292-direct/UPN292-direct_9_Mol_5.csv, covcsv/UPN292-direct/UPN292-direct_10_Mol_5.csv, covcsv/UPN292-direct/UPN292-direct_11_Mol_5.csv, covcsv/UPN292-direct/UPN292-direct_12_Mol_5.csv, covcsv/UPN292-direct/UPN292-direct_13_Mol_5.csv, covcsv/UPN292-direct/UPN292-direct_14_Mol_5.csv, covcsv/UPN292-direct/UPN292-direct_15_Mol_5.csv, covcsv/UPN292-direct/UPN292-direct_16_Mol_5.csv, covcsv/UPN292-direct/UPN292-direct_17_Mol_5.csv, covcsv/UPN292-direct/UPN292-direct_18_Mol_5.csv, covcsv/UPN292-direct/UPN292-direct_19_Mol_5.csv, covcsv/UPN292-direct/UPN292-direct_20_Mol_5.csv, covcsv/UPN292-direct/UPN292-direct_21_Mol_5.csv, covcsv/UPN292-direct/UPN292-direct_22_Mol_5.csv
    output: covcsv/UPN292-direct_Mol_5.csv
    jobid: 17
    reason: Missing output files: covcsv/UPN292-direct_Mol_5.csv
    wildcards: sample=UPN292-direct, cov_level=Mol, orient=5
    threads: 4

Submitted DRMAA job 17 with external jobid 6121144.

[Fri Sep 20 07:58:43 2019]
rule combine_coverage:
    input: covcsv/UPN292-1000-GEX/UPN292-1000-GEX_1_Mol_3.csv, covcsv/UPN292-1000-GEX/UPN292-1000-GEX_2_Mol_3.csv, covcsv/UPN292-1000-GEX/UPN292-1000-GEX_3_Mol_3.csv, covcsv/UPN292-1000-GEX/UPN292-1000-GEX_4_Mol_3.csv, covcsv/UPN292-1000-GEX/UPN292-1000-GEX_5_Mol_3.csv, covcsv/UPN292-1000-GEX/UPN292-1000-GEX_6_Mol_3.csv, covcsv/UPN292-1000-GEX/UPN292-1000-GEX_7_Mol_3.csv, covcsv/UPN292-1000-GEX/UPN292-1000-GEX_8_Mol_3.csv, covcsv/UPN292-1000-GEX/UPN292-1000-GEX_9_Mol_3.csv, covcsv/UPN292-1000-GEX/UPN292-1000-GEX_10_Mol_3.csv, covcsv/UPN292-1000-GEX/UPN292-1000-GEX_11_Mol_3.csv, covcsv/UPN292-1000-GEX/UPN292-1000-GEX_12_Mol_3.csv, covcsv/UPN292-1000-GEX/UPN292-1000-GEX_13_Mol_3.csv, covcsv/UPN292-1000-GEX/UPN292-1000-GEX_14_Mol_3.csv, covcsv/UPN292-1000-GEX/UPN292-1000-GEX_15_Mol_3.csv, covcsv/UPN292-1000-GEX/UPN292-1000-GEX_16_Mol_3.csv, covcsv/UPN292-1000-GEX/UPN292-1000-GEX_17_Mol_3.csv, covcsv/UPN292-1000-GEX/UPN292-1000-GEX_18_Mol_3.csv, covcsv/UPN292-1000-GEX/UPN292-1000-GEX_19_Mol_3.csv, covcsv/UPN292-1000-GEX/UPN292-1000-GEX_20_Mol_3.csv, covcsv/UPN292-1000-GEX/UPN292-1000-GEX_21_Mol_3.csv, covcsv/UPN292-1000-GEX/UPN292-1000-GEX_22_Mol_3.csv
    output: covcsv/UPN292-1000-GEX_Mol_3.csv
    jobid: 10
    reason: Missing output files: covcsv/UPN292-1000-GEX_Mol_3.csv
    wildcards: sample=UPN292-1000-GEX, cov_level=Mol, orient=3
    threads: 4

Submitted DRMAA job 10 with external jobid 6121145.

[Fri Sep 20 07:58:43 2019]
rule combine_coverage:
    input: covcsv/UPN292-1000-AdLig/UPN292-1000-AdLig_1_UMI_5.csv, covcsv/UPN292-1000-AdLig/UPN292-1000-AdLig_2_UMI_5.csv, covcsv/UPN292-1000-AdLig/UPN292-1000-AdLig_3_UMI_5.csv, covcsv/UPN292-1000-AdLig/UPN292-1000-AdLig_4_UMI_5.csv, covcsv/UPN292-1000-AdLig/UPN292-1000-AdLig_5_UMI_5.csv, covcsv/UPN292-1000-AdLig/UPN292-1000-AdLig_6_UMI_5.csv, covcsv/UPN292-1000-AdLig/UPN292-1000-AdLig_7_UMI_5.csv, covcsv/UPN292-1000-AdLig/UPN292-1000-AdLig_8_UMI_5.csv, covcsv/UPN292-1000-AdLig/UPN292-1000-AdLig_9_UMI_5.csv, covcsv/UPN292-1000-AdLig/UPN292-1000-AdLig_10_UMI_5.csv, covcsv/UPN292-1000-AdLig/UPN292-1000-AdLig_11_UMI_5.csv, covcsv/UPN292-1000-AdLig/UPN292-1000-AdLig_12_UMI_5.csv, covcsv/UPN292-1000-AdLig/UPN292-1000-AdLig_13_UMI_5.csv, covcsv/UPN292-1000-AdLig/UPN292-1000-AdLig_14_UMI_5.csv, covcsv/UPN292-1000-AdLig/UPN292-1000-AdLig_15_UMI_5.csv, covcsv/UPN292-1000-AdLig/UPN292-1000-AdLig_16_UMI_5.csv, covcsv/UPN292-1000-AdLig/UPN292-1000-AdLig_17_UMI_5.csv, covcsv/UPN292-1000-AdLig/UPN292-1000-AdLig_18_UMI_5.csv, covcsv/UPN292-1000-AdLig/UPN292-1000-AdLig_19_UMI_5.csv, covcsv/UPN292-1000-AdLig/UPN292-1000-AdLig_20_UMI_5.csv, covcsv/UPN292-1000-AdLig/UPN292-1000-AdLig_21_UMI_5.csv, covcsv/UPN292-1000-AdLig/UPN292-1000-AdLig_22_UMI_5.csv
    output: covcsv/UPN292-1000-AdLig_UMI_5.csv
    jobid: 3
    reason: Missing output files: covcsv/UPN292-1000-AdLig_UMI_5.csv
    wildcards: sample=UPN292-1000-AdLig, cov_level=UMI, orient=5
    threads: 4

Submitted DRMAA job 3 with external jobid 6121146.

[Fri Sep 20 07:58:43 2019]
rule combine_coverage:
    input: covcsv/UPN292-AdLig/UPN292-AdLig_1_UMI_3.csv, covcsv/UPN292-AdLig/UPN292-AdLig_2_UMI_3.csv, covcsv/UPN292-AdLig/UPN292-AdLig_3_UMI_3.csv, covcsv/UPN292-AdLig/UPN292-AdLig_4_UMI_3.csv, covcsv/UPN292-AdLig/UPN292-AdLig_5_UMI_3.csv, covcsv/UPN292-AdLig/UPN292-AdLig_6_UMI_3.csv, covcsv/UPN292-AdLig/UPN292-AdLig_7_UMI_3.csv, covcsv/UPN292-AdLig/UPN292-AdLig_8_UMI_3.csv, covcsv/UPN292-AdLig/UPN292-AdLig_9_UMI_3.csv, covcsv/UPN292-AdLig/UPN292-AdLig_10_UMI_3.csv, covcsv/UPN292-AdLig/UPN292-AdLig_11_UMI_3.csv, covcsv/UPN292-AdLig/UPN292-AdLig_12_UMI_3.csv, covcsv/UPN292-AdLig/UPN292-AdLig_13_UMI_3.csv, covcsv/UPN292-AdLig/UPN292-AdLig_14_UMI_3.csv, covcsv/UPN292-AdLig/UPN292-AdLig_15_UMI_3.csv, covcsv/UPN292-AdLig/UPN292-AdLig_16_UMI_3.csv, covcsv/UPN292-AdLig/UPN292-AdLig_17_UMI_3.csv, covcsv/UPN292-AdLig/UPN292-AdLig_18_UMI_3.csv, covcsv/UPN292-AdLig/UPN292-AdLig_19_UMI_3.csv, covcsv/UPN292-AdLig/UPN292-AdLig_20_UMI_3.csv, covcsv/UPN292-AdLig/UPN292-AdLig_21_UMI_3.csv, covcsv/UPN292-AdLig/UPN292-AdLig_22_UMI_3.csv
    output: covcsv/UPN292-AdLig_UMI_3.csv
    jobid: 16
    reason: Missing output files: covcsv/UPN292-AdLig_UMI_3.csv
    wildcards: sample=UPN292-AdLig, cov_level=UMI, orient=3
    threads: 4

Submitted DRMAA job 16 with external jobid 6121147.

[Fri Sep 20 07:58:43 2019]
rule combine_coverage:
    input: covcsv/UPN292-direct/UPN292-direct_1_UMI_3.csv, covcsv/UPN292-direct/UPN292-direct_2_UMI_3.csv, covcsv/UPN292-direct/UPN292-direct_3_UMI_3.csv, covcsv/UPN292-direct/UPN292-direct_4_UMI_3.csv, covcsv/UPN292-direct/UPN292-direct_5_UMI_3.csv, covcsv/UPN292-direct/UPN292-direct_6_UMI_3.csv, covcsv/UPN292-direct/UPN292-direct_7_UMI_3.csv, covcsv/UPN292-direct/UPN292-direct_8_UMI_3.csv, covcsv/UPN292-direct/UPN292-direct_9_UMI_3.csv, covcsv/UPN292-direct/UPN292-direct_10_UMI_3.csv, covcsv/UPN292-direct/UPN292-direct_11_UMI_3.csv, covcsv/UPN292-direct/UPN292-direct_12_UMI_3.csv, covcsv/UPN292-direct/UPN292-direct_13_UMI_3.csv, covcsv/UPN292-direct/UPN292-direct_14_UMI_3.csv, covcsv/UPN292-direct/UPN292-direct_15_UMI_3.csv, covcsv/UPN292-direct/UPN292-direct_16_UMI_3.csv, covcsv/UPN292-direct/UPN292-direct_17_UMI_3.csv, covcsv/UPN292-direct/UPN292-direct_18_UMI_3.csv, covcsv/UPN292-direct/UPN292-direct_19_UMI_3.csv, covcsv/UPN292-direct/UPN292-direct_20_UMI_3.csv, covcsv/UPN292-direct/UPN292-direct_21_UMI_3.csv, covcsv/UPN292-direct/UPN292-direct_22_UMI_3.csv
    output: covcsv/UPN292-direct_UMI_3.csv
    jobid: 20
    reason: Missing output files: covcsv/UPN292-direct_UMI_3.csv
    wildcards: sample=UPN292-direct, cov_level=UMI, orient=3
    threads: 4

Submitted DRMAA job 20 with external jobid 6121148.

[Fri Sep 20 07:58:43 2019]
rule combine_coverage:
    input: covcsv/UPN292-GEX/UPN292-GEX_1_UMI_3.csv, covcsv/UPN292-GEX/UPN292-GEX_2_UMI_3.csv, covcsv/UPN292-GEX/UPN292-GEX_3_UMI_3.csv, covcsv/UPN292-GEX/UPN292-GEX_4_UMI_3.csv, covcsv/UPN292-GEX/UPN292-GEX_5_UMI_3.csv, covcsv/UPN292-GEX/UPN292-GEX_6_UMI_3.csv, covcsv/UPN292-GEX/UPN292-GEX_7_UMI_3.csv, covcsv/UPN292-GEX/UPN292-GEX_8_UMI_3.csv, covcsv/UPN292-GEX/UPN292-GEX_9_UMI_3.csv, covcsv/UPN292-GEX/UPN292-GEX_10_UMI_3.csv, covcsv/UPN292-GEX/UPN292-GEX_11_UMI_3.csv, covcsv/UPN292-GEX/UPN292-GEX_12_UMI_3.csv, covcsv/UPN292-GEX/UPN292-GEX_13_UMI_3.csv, covcsv/UPN292-GEX/UPN292-GEX_14_UMI_3.csv, covcsv/UPN292-GEX/UPN292-GEX_15_UMI_3.csv, covcsv/UPN292-GEX/UPN292-GEX_16_UMI_3.csv, covcsv/UPN292-GEX/UPN292-GEX_17_UMI_3.csv, covcsv/UPN292-GEX/UPN292-GEX_18_UMI_3.csv, covcsv/UPN292-GEX/UPN292-GEX_19_UMI_3.csv, covcsv/UPN292-GEX/UPN292-GEX_20_UMI_3.csv, covcsv/UPN292-GEX/UPN292-GEX_21_UMI_3.csv, covcsv/UPN292-GEX/UPN292-GEX_22_UMI_3.csv
    output: covcsv/UPN292-GEX_UMI_3.csv
    jobid: 24
    reason: Missing output files: covcsv/UPN292-GEX_UMI_3.csv
    wildcards: sample=UPN292-GEX, cov_level=UMI, orient=3
    threads: 4

Submitted DRMAA job 24 with external jobid 6121149.

[Fri Sep 20 07:58:43 2019]
rule combine_coverage:
    input: covcsv/UPN292-1000-AdLig/UPN292-1000-AdLig_1_Mol_3.csv, covcsv/UPN292-1000-AdLig/UPN292-1000-AdLig_2_Mol_3.csv, covcsv/UPN292-1000-AdLig/UPN292-1000-AdLig_3_Mol_3.csv, covcsv/UPN292-1000-AdLig/UPN292-1000-AdLig_4_Mol_3.csv, covcsv/UPN292-1000-AdLig/UPN292-1000-AdLig_5_Mol_3.csv, covcsv/UPN292-1000-AdLig/UPN292-1000-AdLig_6_Mol_3.csv, covcsv/UPN292-1000-AdLig/UPN292-1000-AdLig_7_Mol_3.csv, covcsv/UPN292-1000-AdLig/UPN292-1000-AdLig_8_Mol_3.csv, covcsv/UPN292-1000-AdLig/UPN292-1000-AdLig_9_Mol_3.csv, covcsv/UPN292-1000-AdLig/UPN292-1000-AdLig_10_Mol_3.csv, covcsv/UPN292-1000-AdLig/UPN292-1000-AdLig_11_Mol_3.csv, covcsv/UPN292-1000-AdLig/UPN292-1000-AdLig_12_Mol_3.csv, covcsv/UPN292-1000-AdLig/UPN292-1000-AdLig_13_Mol_3.csv, covcsv/UPN292-1000-AdLig/UPN292-1000-AdLig_14_Mol_3.csv, covcsv/UPN292-1000-AdLig/UPN292-1000-AdLig_15_Mol_3.csv, covcsv/UPN292-1000-AdLig/UPN292-1000-AdLig_16_Mol_3.csv, covcsv/UPN292-1000-AdLig/UPN292-1000-AdLig_17_Mol_3.csv, covcsv/UPN292-1000-AdLig/UPN292-1000-AdLig_18_Mol_3.csv, covcsv/UPN292-1000-AdLig/UPN292-1000-AdLig_19_Mol_3.csv, covcsv/UPN292-1000-AdLig/UPN292-1000-AdLig_20_Mol_3.csv, covcsv/UPN292-1000-AdLig/UPN292-1000-AdLig_21_Mol_3.csv, covcsv/UPN292-1000-AdLig/UPN292-1000-AdLig_22_Mol_3.csv
    output: covcsv/UPN292-1000-AdLig_Mol_3.csv
    jobid: 2
    reason: Missing output files: covcsv/UPN292-1000-AdLig_Mol_3.csv
    wildcards: sample=UPN292-1000-AdLig, cov_level=Mol, orient=3
    threads: 4

Submitted DRMAA job 2 with external jobid 6121150.

[Fri Sep 20 07:58:43 2019]
rule combine_coverage:
    input: covcsv/UPN292-1000-GEX/UPN292-1000-GEX_1_UMI_5.csv, covcsv/UPN292-1000-GEX/UPN292-1000-GEX_2_UMI_5.csv, covcsv/UPN292-1000-GEX/UPN292-1000-GEX_3_UMI_5.csv, covcsv/UPN292-1000-GEX/UPN292-1000-GEX_4_UMI_5.csv, covcsv/UPN292-1000-GEX/UPN292-1000-GEX_5_UMI_5.csv, covcsv/UPN292-1000-GEX/UPN292-1000-GEX_6_UMI_5.csv, covcsv/UPN292-1000-GEX/UPN292-1000-GEX_7_UMI_5.csv, covcsv/UPN292-1000-GEX/UPN292-1000-GEX_8_UMI_5.csv, covcsv/UPN292-1000-GEX/UPN292-1000-GEX_9_UMI_5.csv, covcsv/UPN292-1000-GEX/UPN292-1000-GEX_10_UMI_5.csv, covcsv/UPN292-1000-GEX/UPN292-1000-GEX_11_UMI_5.csv, covcsv/UPN292-1000-GEX/UPN292-1000-GEX_12_UMI_5.csv, covcsv/UPN292-1000-GEX/UPN292-1000-GEX_13_UMI_5.csv, covcsv/UPN292-1000-GEX/UPN292-1000-GEX_14_UMI_5.csv, covcsv/UPN292-1000-GEX/UPN292-1000-GEX_15_UMI_5.csv, covcsv/UPN292-1000-GEX/UPN292-1000-GEX_16_UMI_5.csv, covcsv/UPN292-1000-GEX/UPN292-1000-GEX_17_UMI_5.csv, covcsv/UPN292-1000-GEX/UPN292-1000-GEX_18_UMI_5.csv, covcsv/UPN292-1000-GEX/UPN292-1000-GEX_19_UMI_5.csv, covcsv/UPN292-1000-GEX/UPN292-1000-GEX_20_UMI_5.csv, covcsv/UPN292-1000-GEX/UPN292-1000-GEX_21_UMI_5.csv, covcsv/UPN292-1000-GEX/UPN292-1000-GEX_22_UMI_5.csv
    output: covcsv/UPN292-1000-GEX_UMI_5.csv
    jobid: 11
    reason: Missing output files: covcsv/UPN292-1000-GEX_UMI_5.csv
    wildcards: sample=UPN292-1000-GEX, cov_level=UMI, orient=5
    threads: 4

Submitted DRMAA job 11 with external jobid 6121151.

[Fri Sep 20 07:58:44 2019]
rule combine_coverage:
    input: covcsv/UPN292-1000-GEX/UPN292-1000-GEX_1_UMI_3.csv, covcsv/UPN292-1000-GEX/UPN292-1000-GEX_2_UMI_3.csv, covcsv/UPN292-1000-GEX/UPN292-1000-GEX_3_UMI_3.csv, covcsv/UPN292-1000-GEX/UPN292-1000-GEX_4_UMI_3.csv, covcsv/UPN292-1000-GEX/UPN292-1000-GEX_5_UMI_3.csv, covcsv/UPN292-1000-GEX/UPN292-1000-GEX_6_UMI_3.csv, covcsv/UPN292-1000-GEX/UPN292-1000-GEX_7_UMI_3.csv, covcsv/UPN292-1000-GEX/UPN292-1000-GEX_8_UMI_3.csv, covcsv/UPN292-1000-GEX/UPN292-1000-GEX_9_UMI_3.csv, covcsv/UPN292-1000-GEX/UPN292-1000-GEX_10_UMI_3.csv, covcsv/UPN292-1000-GEX/UPN292-1000-GEX_11_UMI_3.csv, covcsv/UPN292-1000-GEX/UPN292-1000-GEX_12_UMI_3.csv, covcsv/UPN292-1000-GEX/UPN292-1000-GEX_13_UMI_3.csv, covcsv/UPN292-1000-GEX/UPN292-1000-GEX_14_UMI_3.csv, covcsv/UPN292-1000-GEX/UPN292-1000-GEX_15_UMI_3.csv, covcsv/UPN292-1000-GEX/UPN292-1000-GEX_16_UMI_3.csv, covcsv/UPN292-1000-GEX/UPN292-1000-GEX_17_UMI_3.csv, covcsv/UPN292-1000-GEX/UPN292-1000-GEX_18_UMI_3.csv, covcsv/UPN292-1000-GEX/UPN292-1000-GEX_19_UMI_3.csv, covcsv/UPN292-1000-GEX/UPN292-1000-GEX_20_UMI_3.csv, covcsv/UPN292-1000-GEX/UPN292-1000-GEX_21_UMI_3.csv, covcsv/UPN292-1000-GEX/UPN292-1000-GEX_22_UMI_3.csv
    output: covcsv/UPN292-1000-GEX_UMI_3.csv
    jobid: 12
    reason: Missing output files: covcsv/UPN292-1000-GEX_UMI_3.csv
    wildcards: sample=UPN292-1000-GEX, cov_level=UMI, orient=3
    threads: 4

Submitted DRMAA job 12 with external jobid 6121152.

[Fri Sep 20 07:58:44 2019]
rule combine_coverage:
    input: covcsv/UPN292-1000-AdLig/UPN292-1000-AdLig_1_Mol_5.csv, covcsv/UPN292-1000-AdLig/UPN292-1000-AdLig_2_Mol_5.csv, covcsv/UPN292-1000-AdLig/UPN292-1000-AdLig_3_Mol_5.csv, covcsv/UPN292-1000-AdLig/UPN292-1000-AdLig_4_Mol_5.csv, covcsv/UPN292-1000-AdLig/UPN292-1000-AdLig_5_Mol_5.csv, covcsv/UPN292-1000-AdLig/UPN292-1000-AdLig_6_Mol_5.csv, covcsv/UPN292-1000-AdLig/UPN292-1000-AdLig_7_Mol_5.csv, covcsv/UPN292-1000-AdLig/UPN292-1000-AdLig_8_Mol_5.csv, covcsv/UPN292-1000-AdLig/UPN292-1000-AdLig_9_Mol_5.csv, covcsv/UPN292-1000-AdLig/UPN292-1000-AdLig_10_Mol_5.csv, covcsv/UPN292-1000-AdLig/UPN292-1000-AdLig_11_Mol_5.csv, covcsv/UPN292-1000-AdLig/UPN292-1000-AdLig_12_Mol_5.csv, covcsv/UPN292-1000-AdLig/UPN292-1000-AdLig_13_Mol_5.csv, covcsv/UPN292-1000-AdLig/UPN292-1000-AdLig_14_Mol_5.csv, covcsv/UPN292-1000-AdLig/UPN292-1000-AdLig_15_Mol_5.csv, covcsv/UPN292-1000-AdLig/UPN292-1000-AdLig_16_Mol_5.csv, covcsv/UPN292-1000-AdLig/UPN292-1000-AdLig_17_Mol_5.csv, covcsv/UPN292-1000-AdLig/UPN292-1000-AdLig_18_Mol_5.csv, covcsv/UPN292-1000-AdLig/UPN292-1000-AdLig_19_Mol_5.csv, covcsv/UPN292-1000-AdLig/UPN292-1000-AdLig_20_Mol_5.csv, covcsv/UPN292-1000-AdLig/UPN292-1000-AdLig_21_Mol_5.csv, covcsv/UPN292-1000-AdLig/UPN292-1000-AdLig_22_Mol_5.csv
    output: covcsv/UPN292-1000-AdLig_Mol_5.csv
    jobid: 1
    reason: Missing output files: covcsv/UPN292-1000-AdLig_Mol_5.csv
    wildcards: sample=UPN292-1000-AdLig, cov_level=Mol, orient=5
    threads: 4

Submitted DRMAA job 1 with external jobid 6121153.

[Fri Sep 20 07:58:44 2019]
rule combine_coverage:
    input: covcsv/UPN292-GEX/UPN292-GEX_1_UMI_5.csv, covcsv/UPN292-GEX/UPN292-GEX_2_UMI_5.csv, covcsv/UPN292-GEX/UPN292-GEX_3_UMI_5.csv, covcsv/UPN292-GEX/UPN292-GEX_4_UMI_5.csv, covcsv/UPN292-GEX/UPN292-GEX_5_UMI_5.csv, covcsv/UPN292-GEX/UPN292-GEX_6_UMI_5.csv, covcsv/UPN292-GEX/UPN292-GEX_7_UMI_5.csv, covcsv/UPN292-GEX/UPN292-GEX_8_UMI_5.csv, covcsv/UPN292-GEX/UPN292-GEX_9_UMI_5.csv, covcsv/UPN292-GEX/UPN292-GEX_10_UMI_5.csv, covcsv/UPN292-GEX/UPN292-GEX_11_UMI_5.csv, covcsv/UPN292-GEX/UPN292-GEX_12_UMI_5.csv, covcsv/UPN292-GEX/UPN292-GEX_13_UMI_5.csv, covcsv/UPN292-GEX/UPN292-GEX_14_UMI_5.csv, covcsv/UPN292-GEX/UPN292-GEX_15_UMI_5.csv, covcsv/UPN292-GEX/UPN292-GEX_16_UMI_5.csv, covcsv/UPN292-GEX/UPN292-GEX_17_UMI_5.csv, covcsv/UPN292-GEX/UPN292-GEX_18_UMI_5.csv, covcsv/UPN292-GEX/UPN292-GEX_19_UMI_5.csv, covcsv/UPN292-GEX/UPN292-GEX_20_UMI_5.csv, covcsv/UPN292-GEX/UPN292-GEX_21_UMI_5.csv, covcsv/UPN292-GEX/UPN292-GEX_22_UMI_5.csv
    output: covcsv/UPN292-GEX_UMI_5.csv
    jobid: 23
    reason: Missing output files: covcsv/UPN292-GEX_UMI_5.csv
    wildcards: sample=UPN292-GEX, cov_level=UMI, orient=5
    threads: 4

Submitted DRMAA job 23 with external jobid 6121154.

[Fri Sep 20 07:58:44 2019]
rule combine_coverage:
    input: covcsv/UPN292-direct/UPN292-direct_1_UMI_5.csv, covcsv/UPN292-direct/UPN292-direct_2_UMI_5.csv, covcsv/UPN292-direct/UPN292-direct_3_UMI_5.csv, covcsv/UPN292-direct/UPN292-direct_4_UMI_5.csv, covcsv/UPN292-direct/UPN292-direct_5_UMI_5.csv, covcsv/UPN292-direct/UPN292-direct_6_UMI_5.csv, covcsv/UPN292-direct/UPN292-direct_7_UMI_5.csv, covcsv/UPN292-direct/UPN292-direct_8_UMI_5.csv, covcsv/UPN292-direct/UPN292-direct_9_UMI_5.csv, covcsv/UPN292-direct/UPN292-direct_10_UMI_5.csv, covcsv/UPN292-direct/UPN292-direct_11_UMI_5.csv, covcsv/UPN292-direct/UPN292-direct_12_UMI_5.csv, covcsv/UPN292-direct/UPN292-direct_13_UMI_5.csv, covcsv/UPN292-direct/UPN292-direct_14_UMI_5.csv, covcsv/UPN292-direct/UPN292-direct_15_UMI_5.csv, covcsv/UPN292-direct/UPN292-direct_16_UMI_5.csv, covcsv/UPN292-direct/UPN292-direct_17_UMI_5.csv, covcsv/UPN292-direct/UPN292-direct_18_UMI_5.csv, covcsv/UPN292-direct/UPN292-direct_19_UMI_5.csv, covcsv/UPN292-direct/UPN292-direct_20_UMI_5.csv, covcsv/UPN292-direct/UPN292-direct_21_UMI_5.csv, covcsv/UPN292-direct/UPN292-direct_22_UMI_5.csv
    output: covcsv/UPN292-direct_UMI_5.csv
    jobid: 19
    reason: Missing output files: covcsv/UPN292-direct_UMI_5.csv
    wildcards: sample=UPN292-direct, cov_level=UMI, orient=5
    threads: 4

Submitted DRMAA job 19 with external jobid 6121155.

[Fri Sep 20 07:58:44 2019]
rule combine_coverage:
    input: covcsv/UPN292-AdLig/UPN292-AdLig_1_UMI_5.csv, covcsv/UPN292-AdLig/UPN292-AdLig_2_UMI_5.csv, covcsv/UPN292-AdLig/UPN292-AdLig_3_UMI_5.csv, covcsv/UPN292-AdLig/UPN292-AdLig_4_UMI_5.csv, covcsv/UPN292-AdLig/UPN292-AdLig_5_UMI_5.csv, covcsv/UPN292-AdLig/UPN292-AdLig_6_UMI_5.csv, covcsv/UPN292-AdLig/UPN292-AdLig_7_UMI_5.csv, covcsv/UPN292-AdLig/UPN292-AdLig_8_UMI_5.csv, covcsv/UPN292-AdLig/UPN292-AdLig_9_UMI_5.csv, covcsv/UPN292-AdLig/UPN292-AdLig_10_UMI_5.csv, covcsv/UPN292-AdLig/UPN292-AdLig_11_UMI_5.csv, covcsv/UPN292-AdLig/UPN292-AdLig_12_UMI_5.csv, covcsv/UPN292-AdLig/UPN292-AdLig_13_UMI_5.csv, covcsv/UPN292-AdLig/UPN292-AdLig_14_UMI_5.csv, covcsv/UPN292-AdLig/UPN292-AdLig_15_UMI_5.csv, covcsv/UPN292-AdLig/UPN292-AdLig_16_UMI_5.csv, covcsv/UPN292-AdLig/UPN292-AdLig_17_UMI_5.csv, covcsv/UPN292-AdLig/UPN292-AdLig_18_UMI_5.csv, covcsv/UPN292-AdLig/UPN292-AdLig_19_UMI_5.csv, covcsv/UPN292-AdLig/UPN292-AdLig_20_UMI_5.csv, covcsv/UPN292-AdLig/UPN292-AdLig_21_UMI_5.csv, covcsv/UPN292-AdLig/UPN292-AdLig_22_UMI_5.csv
    output: covcsv/UPN292-AdLig_UMI_5.csv
    jobid: 15
    reason: Missing output files: covcsv/UPN292-AdLig_UMI_5.csv
    wildcards: sample=UPN292-AdLig, cov_level=UMI, orient=5
    threads: 4

Submitted DRMAA job 15 with external jobid 6121156.

[Fri Sep 20 07:58:44 2019]
rule combine_coverage:
    input: covcsv/UPN292-1000-AdLig/UPN292-1000-AdLig_1_UMI_3.csv, covcsv/UPN292-1000-AdLig/UPN292-1000-AdLig_2_UMI_3.csv, covcsv/UPN292-1000-AdLig/UPN292-1000-AdLig_3_UMI_3.csv, covcsv/UPN292-1000-AdLig/UPN292-1000-AdLig_4_UMI_3.csv, covcsv/UPN292-1000-AdLig/UPN292-1000-AdLig_5_UMI_3.csv, covcsv/UPN292-1000-AdLig/UPN292-1000-AdLig_6_UMI_3.csv, covcsv/UPN292-1000-AdLig/UPN292-1000-AdLig_7_UMI_3.csv, covcsv/UPN292-1000-AdLig/UPN292-1000-AdLig_8_UMI_3.csv, covcsv/UPN292-1000-AdLig/UPN292-1000-AdLig_9_UMI_3.csv, covcsv/UPN292-1000-AdLig/UPN292-1000-AdLig_10_UMI_3.csv, covcsv/UPN292-1000-AdLig/UPN292-1000-AdLig_11_UMI_3.csv, covcsv/UPN292-1000-AdLig/UPN292-1000-AdLig_12_UMI_3.csv, covcsv/UPN292-1000-AdLig/UPN292-1000-AdLig_13_UMI_3.csv, covcsv/UPN292-1000-AdLig/UPN292-1000-AdLig_14_UMI_3.csv, covcsv/UPN292-1000-AdLig/UPN292-1000-AdLig_15_UMI_3.csv, covcsv/UPN292-1000-AdLig/UPN292-1000-AdLig_16_UMI_3.csv, covcsv/UPN292-1000-AdLig/UPN292-1000-AdLig_17_UMI_3.csv, covcsv/UPN292-1000-AdLig/UPN292-1000-AdLig_18_UMI_3.csv, covcsv/UPN292-1000-AdLig/UPN292-1000-AdLig_19_UMI_3.csv, covcsv/UPN292-1000-AdLig/UPN292-1000-AdLig_20_UMI_3.csv, covcsv/UPN292-1000-AdLig/UPN292-1000-AdLig_21_UMI_3.csv, covcsv/UPN292-1000-AdLig/UPN292-1000-AdLig_22_UMI_3.csv
    output: covcsv/UPN292-1000-AdLig_UMI_3.csv
    jobid: 4
    reason: Missing output files: covcsv/UPN292-1000-AdLig_UMI_3.csv
    wildcards: sample=UPN292-1000-AdLig, cov_level=UMI, orient=3
    threads: 4

Submitted DRMAA job 4 with external jobid 6121157.

[Fri Sep 20 07:58:44 2019]
rule combine_coverage:
    input: covcsv/UPN292-1000-GEX/UPN292-1000-GEX_1_Mol_5.csv, covcsv/UPN292-1000-GEX/UPN292-1000-GEX_2_Mol_5.csv, covcsv/UPN292-1000-GEX/UPN292-1000-GEX_3_Mol_5.csv, covcsv/UPN292-1000-GEX/UPN292-1000-GEX_4_Mol_5.csv, covcsv/UPN292-1000-GEX/UPN292-1000-GEX_5_Mol_5.csv, covcsv/UPN292-1000-GEX/UPN292-1000-GEX_6_Mol_5.csv, covcsv/UPN292-1000-GEX/UPN292-1000-GEX_7_Mol_5.csv, covcsv/UPN292-1000-GEX/UPN292-1000-GEX_8_Mol_5.csv, covcsv/UPN292-1000-GEX/UPN292-1000-GEX_9_Mol_5.csv, covcsv/UPN292-1000-GEX/UPN292-1000-GEX_10_Mol_5.csv, covcsv/UPN292-1000-GEX/UPN292-1000-GEX_11_Mol_5.csv, covcsv/UPN292-1000-GEX/UPN292-1000-GEX_12_Mol_5.csv, covcsv/UPN292-1000-GEX/UPN292-1000-GEX_13_Mol_5.csv, covcsv/UPN292-1000-GEX/UPN292-1000-GEX_14_Mol_5.csv, covcsv/UPN292-1000-GEX/UPN292-1000-GEX_15_Mol_5.csv, covcsv/UPN292-1000-GEX/UPN292-1000-GEX_16_Mol_5.csv, covcsv/UPN292-1000-GEX/UPN292-1000-GEX_17_Mol_5.csv, covcsv/UPN292-1000-GEX/UPN292-1000-GEX_18_Mol_5.csv, covcsv/UPN292-1000-GEX/UPN292-1000-GEX_19_Mol_5.csv, covcsv/UPN292-1000-GEX/UPN292-1000-GEX_20_Mol_5.csv, covcsv/UPN292-1000-GEX/UPN292-1000-GEX_21_Mol_5.csv, covcsv/UPN292-1000-GEX/UPN292-1000-GEX_22_Mol_5.csv
    output: covcsv/UPN292-1000-GEX_Mol_5.csv
    jobid: 9
    reason: Missing output files: covcsv/UPN292-1000-GEX_Mol_5.csv
    wildcards: sample=UPN292-1000-GEX, cov_level=Mol, orient=5
    threads: 4

Submitted DRMAA job 9 with external jobid 6121158.

[Fri Sep 20 07:58:44 2019]
rule combine_coverage:
    input: covcsv/UPN292-AdLig/UPN292-AdLig_1_Mol_3.csv, covcsv/UPN292-AdLig/UPN292-AdLig_2_Mol_3.csv, covcsv/UPN292-AdLig/UPN292-AdLig_3_Mol_3.csv, covcsv/UPN292-AdLig/UPN292-AdLig_4_Mol_3.csv, covcsv/UPN292-AdLig/UPN292-AdLig_5_Mol_3.csv, covcsv/UPN292-AdLig/UPN292-AdLig_6_Mol_3.csv, covcsv/UPN292-AdLig/UPN292-AdLig_7_Mol_3.csv, covcsv/UPN292-AdLig/UPN292-AdLig_8_Mol_3.csv, covcsv/UPN292-AdLig/UPN292-AdLig_9_Mol_3.csv, covcsv/UPN292-AdLig/UPN292-AdLig_10_Mol_3.csv, covcsv/UPN292-AdLig/UPN292-AdLig_11_Mol_3.csv, covcsv/UPN292-AdLig/UPN292-AdLig_12_Mol_3.csv, covcsv/UPN292-AdLig/UPN292-AdLig_13_Mol_3.csv, covcsv/UPN292-AdLig/UPN292-AdLig_14_Mol_3.csv, covcsv/UPN292-AdLig/UPN292-AdLig_15_Mol_3.csv, covcsv/UPN292-AdLig/UPN292-AdLig_16_Mol_3.csv, covcsv/UPN292-AdLig/UPN292-AdLig_17_Mol_3.csv, covcsv/UPN292-AdLig/UPN292-AdLig_18_Mol_3.csv, covcsv/UPN292-AdLig/UPN292-AdLig_19_Mol_3.csv, covcsv/UPN292-AdLig/UPN292-AdLig_20_Mol_3.csv, covcsv/UPN292-AdLig/UPN292-AdLig_21_Mol_3.csv, covcsv/UPN292-AdLig/UPN292-AdLig_22_Mol_3.csv
    output: covcsv/UPN292-AdLig_Mol_3.csv
    jobid: 14
    reason: Missing output files: covcsv/UPN292-AdLig_Mol_3.csv
    wildcards: sample=UPN292-AdLig, cov_level=Mol, orient=3
    threads: 4

Submitted DRMAA job 14 with external jobid 6121159.

[Fri Sep 20 07:58:44 2019]
rule combine_coverage:
    input: covcsv/UPN292-direct/UPN292-direct_1_Mol_3.csv, covcsv/UPN292-direct/UPN292-direct_2_Mol_3.csv, covcsv/UPN292-direct/UPN292-direct_3_Mol_3.csv, covcsv/UPN292-direct/UPN292-direct_4_Mol_3.csv, covcsv/UPN292-direct/UPN292-direct_5_Mol_3.csv, covcsv/UPN292-direct/UPN292-direct_6_Mol_3.csv, covcsv/UPN292-direct/UPN292-direct_7_Mol_3.csv, covcsv/UPN292-direct/UPN292-direct_8_Mol_3.csv, covcsv/UPN292-direct/UPN292-direct_9_Mol_3.csv, covcsv/UPN292-direct/UPN292-direct_10_Mol_3.csv, covcsv/UPN292-direct/UPN292-direct_11_Mol_3.csv, covcsv/UPN292-direct/UPN292-direct_12_Mol_3.csv, covcsv/UPN292-direct/UPN292-direct_13_Mol_3.csv, covcsv/UPN292-direct/UPN292-direct_14_Mol_3.csv, covcsv/UPN292-direct/UPN292-direct_15_Mol_3.csv, covcsv/UPN292-direct/UPN292-direct_16_Mol_3.csv, covcsv/UPN292-direct/UPN292-direct_17_Mol_3.csv, covcsv/UPN292-direct/UPN292-direct_18_Mol_3.csv, covcsv/UPN292-direct/UPN292-direct_19_Mol_3.csv, covcsv/UPN292-direct/UPN292-direct_20_Mol_3.csv, covcsv/UPN292-direct/UPN292-direct_21_Mol_3.csv, covcsv/UPN292-direct/UPN292-direct_22_Mol_3.csv
    output: covcsv/UPN292-direct_Mol_3.csv
    jobid: 18
    reason: Missing output files: covcsv/UPN292-direct_Mol_3.csv
    wildcards: sample=UPN292-direct, cov_level=Mol, orient=3
    threads: 4

Submitted DRMAA job 18 with external jobid 6121160.

[Fri Sep 20 07:58:44 2019]
rule combine_coverage:
    input: covcsv/UPN292-GEX/UPN292-GEX_1_Mol_3.csv, covcsv/UPN292-GEX/UPN292-GEX_2_Mol_3.csv, covcsv/UPN292-GEX/UPN292-GEX_3_Mol_3.csv, covcsv/UPN292-GEX/UPN292-GEX_4_Mol_3.csv, covcsv/UPN292-GEX/UPN292-GEX_5_Mol_3.csv, covcsv/UPN292-GEX/UPN292-GEX_6_Mol_3.csv, covcsv/UPN292-GEX/UPN292-GEX_7_Mol_3.csv, covcsv/UPN292-GEX/UPN292-GEX_8_Mol_3.csv, covcsv/UPN292-GEX/UPN292-GEX_9_Mol_3.csv, covcsv/UPN292-GEX/UPN292-GEX_10_Mol_3.csv, covcsv/UPN292-GEX/UPN292-GEX_11_Mol_3.csv, covcsv/UPN292-GEX/UPN292-GEX_12_Mol_3.csv, covcsv/UPN292-GEX/UPN292-GEX_13_Mol_3.csv, covcsv/UPN292-GEX/UPN292-GEX_14_Mol_3.csv, covcsv/UPN292-GEX/UPN292-GEX_15_Mol_3.csv, covcsv/UPN292-GEX/UPN292-GEX_16_Mol_3.csv, covcsv/UPN292-GEX/UPN292-GEX_17_Mol_3.csv, covcsv/UPN292-GEX/UPN292-GEX_18_Mol_3.csv, covcsv/UPN292-GEX/UPN292-GEX_19_Mol_3.csv, covcsv/UPN292-GEX/UPN292-GEX_20_Mol_3.csv, covcsv/UPN292-GEX/UPN292-GEX_21_Mol_3.csv, covcsv/UPN292-GEX/UPN292-GEX_22_Mol_3.csv
    output: covcsv/UPN292-GEX_Mol_3.csv
    jobid: 22
    reason: Missing output files: covcsv/UPN292-GEX_Mol_3.csv
    wildcards: sample=UPN292-GEX, cov_level=Mol, orient=3
    threads: 4

Submitted DRMAA job 22 with external jobid 6121161.
[Fri Sep 20 07:59:53 2019]
Finished job 17.
1 of 21 steps (5%) done
[Fri Sep 20 08:00:06 2019]
Finished job 19.
2 of 21 steps (10%) done
[Fri Sep 20 08:02:29 2019]
Finished job 18.
3 of 21 steps (14%) done
[Fri Sep 20 08:02:50 2019]
Finished job 20.
4 of 21 steps (19%) done
[Fri Sep 20 09:16:59 2019]
Finished job 1.
5 of 21 steps (24%) done
[Fri Sep 20 09:21:46 2019]
Finished job 13.
6 of 21 steps (29%) done
[Fri Sep 20 09:25:48 2019]
Finished job 15.
7 of 21 steps (33%) done
[Fri Sep 20 09:54:48 2019]
Finished job 3.
8 of 21 steps (38%) done
[Fri Sep 20 09:58:06 2019]
Finished job 21.
9 of 21 steps (43%) done
[Fri Sep 20 10:06:55 2019]
Finished job 9.
10 of 21 steps (48%) done
[Fri Sep 20 10:10:57 2019]
Finished job 11.
11 of 21 steps (52%) done
[Fri Sep 20 10:11:08 2019]
Finished job 2.
12 of 21 steps (57%) done
[Fri Sep 20 11:01:41 2019]
Finished job 23.
13 of 21 steps (62%) done
[Fri Sep 20 11:06:22 2019]
Finished job 12.
14 of 21 steps (67%) done
[Fri Sep 20 11:07:22 2019]
Finished job 22.
15 of 21 steps (71%) done
[Fri Sep 20 11:10:32 2019]
Finished job 16.
16 of 21 steps (76%) done
[Fri Sep 20 11:13:12 2019]
Finished job 24.
17 of 21 steps (81%) done
[Fri Sep 20 11:18:12 2019]
Finished job 14.
18 of 21 steps (86%) done
[Fri Sep 20 11:19:43 2019]
Finished job 4.
19 of 21 steps (90%) done
